
**** Build of configuration Debug for project Encoder_Ralph ****

"C:\\TI\\ccsv7\\utils\\bin\\gmake" -k -j 4 all -O 
'Building file: ../startup_msp432p401r_ccs.c'
'Invoking: MSP432 Compiler'
"C:/TI/ccsv7/tools/compiler/ti-cgt-arm_16.9.1.LTS/bin/armcl" -mv7M4 --code_state=16 --float_support=FPv4SPD16 -me --include_path="C:/TI/ccsv7/ccs_base/arm/include" --include_path="C:/Users/danal/OneDrive/COLLEGE/PROJECTS/Encoder Project/Original_Stuff_from_Ralph/driverlib/MSP432P4xx" --include_path="C:/Users/danal/OneDrive/COLLEGE/PROJECTS/Encoder Project/Original_Stuff_from_Ralph/driverlib" --include_path="C:/TI/ccsv7/ccs_base/arm/include/CMSIS" --include_path="C:/Users/danal/OneDrive/COLLEGE/PROJECTS/Encoder Project/CSS_workspace/Encoder_Ralph" --include_path="C:/TI/ccsv7/tools/compiler/ti-cgt-arm_16.9.1.LTS/include" --advice:power="all" --define=__MSP432P401R__ --define=TARGET_IS_MSP432P4XX --define=ccs -g --gcc --diag_warning=225 --diag_wrap=off --display_error_number --abi=eabi --preproc_with_compile --preproc_dependency="startup_msp432p401r_ccs.d"  "../startup_msp432p401r_ccs.c"
'Finished building: ../startup_msp432p401r_ccs.c'
' '
'Building file: ../system_msp432p401r.c'
'Invoking: MSP432 Compiler'
"C:/TI/ccsv7/tools/compiler/ti-cgt-arm_16.9.1.LTS/bin/armcl" -mv7M4 --code_state=16 --float_support=FPv4SPD16 -me --include_path="C:/TI/ccsv7/ccs_base/arm/include" --include_path="C:/Users/danal/OneDrive/COLLEGE/PROJECTS/Encoder Project/Original_Stuff_from_Ralph/driverlib/MSP432P4xx" --include_path="C:/Users/danal/OneDrive/COLLEGE/PROJECTS/Encoder Project/Original_Stuff_from_Ralph/driverlib" --include_path="C:/TI/ccsv7/ccs_base/arm/include/CMSIS" --include_path="C:/Users/danal/OneDrive/COLLEGE/PROJECTS/Encoder Project/CSS_workspace/Encoder_Ralph" --include_path="C:/TI/ccsv7/tools/compiler/ti-cgt-arm_16.9.1.LTS/include" --advice:power="all" --define=__MSP432P401R__ --define=TARGET_IS_MSP432P4XX --define=ccs -g --gcc --diag_warning=225 --diag_wrap=off --display_error_number --abi=eabi --preproc_with_compile --preproc_dependency="system_msp432p401r.d"  "../system_msp432p401r.c"
"../system_msp432p401r.c", line 112: remark #2623-D: (ULP 5.4) Detected an assignment to a type with size less than int. To avoid unnecessary sign extension, use int-sized types for local varaibles and convert to smaller types for static storage.
"../system_msp432p401r.c", line 160: remark #2623-D: (ULP 5.4) Detected an assignment to a type with size less than int. To avoid unnecessary sign extension, use int-sized types for local varaibles and convert to smaller types for static storage.
"../system_msp432p401r.c", line 193: remark #2623-D: (ULP 5.4) Detected an assignment to a type with size less than int. To avoid unnecessary sign extension, use int-sized types for local varaibles and convert to smaller types for static storage.
'Finished building: ../system_msp432p401r.c'
' '
'Building file: ../main.c'
'Invoking: MSP432 Compiler'
"C:/TI/ccsv7/tools/compiler/ti-cgt-arm_16.9.1.LTS/bin/armcl" -mv7M4 --code_state=16 --float_support=FPv4SPD16 -me --include_path="C:/TI/ccsv7/ccs_base/arm/include" --include_path="C:/Users/danal/OneDrive/COLLEGE/PROJECTS/Encoder Project/Original_Stuff_from_Ralph/driverlib/MSP432P4xx" --include_path="C:/Users/danal/OneDrive/COLLEGE/PROJECTS/Encoder Project/Original_Stuff_from_Ralph/driverlib" --include_path="C:/TI/ccsv7/ccs_base/arm/include/CMSIS" --include_path="C:/Users/danal/OneDrive/COLLEGE/PROJECTS/Encoder Project/CSS_workspace/Encoder_Ralph" --include_path="C:/TI/ccsv7/tools/compiler/ti-cgt-arm_16.9.1.LTS/include" --advice:power="all" --define=__MSP432P401R__ --define=TARGET_IS_MSP432P4XX --define=ccs -g --gcc --diag_warning=225 --diag_wrap=off --display_error_number --abi=eabi --preproc_with_compile --preproc_dependency="main.d"  "../main.c"
"../main.c", line 106: remark #1527-D: (ULP 2.1) Detected SW delay loop using empty loop. Recommend using a timer module instead
"../main.c", line 198: remark #1532-D: (ULP 5.3) Detected printf() operation(s). Recommend moving them to RAM during run time or not using as these are processing/power intensive
"../main.c", line 248: remark #1532-D: (ULP 5.3) Detected printf() operation(s). Recommend moving them to RAM during run time or not using as these are processing/power intensive
"../main.c", line 108 (col. 60): remark #1531-D: (ULP 5.2) Detected floating point operation(s). Recommend moving them to RAM during run time or not using as these are processing/power intensive
'Finished building: ../main.c'
' '
'Building target: Encoder_Ralph.out'
'Invoking: MSP432 Linker'
"C:/TI/ccsv7/tools/compiler/ti-cgt-arm_16.9.1.LTS/bin/armcl" -mv7M4 --code_state=16 --float_support=FPv4SPD16 -me --advice:power="all" --define=__MSP432P401R__ --define=TARGET_IS_MSP432P4XX --define=ccs -g --gcc --diag_warning=225 --diag_wrap=off --display_error_number --abi=eabi -z -m"Encoder_Ralph.map" --heap_size=1024 --stack_size=512 -i"C:/TI/ccsv7/ccs_base/arm/include" -i"C:/TI/ccsv7/tools/compiler/ti-cgt-arm_16.9.1.LTS/lib" -i"C:/TI/ccsv7/tools/compiler/ti-cgt-arm_16.9.1.LTS/include" --reread_libs --diag_wrap=off --display_error_number --warn_sections --xml_link_info="Encoder_Ralph_linkInfo.xml" --rom_model -o "Encoder_Ralph.out" "./main.obj" "./startup_msp432p401r_ccs.obj" "./system_msp432p401r.obj" "../msp432p401r.cmd"  -llibc.a 
<Linking>
remark #10371-D: (ULP 1.1) Detected no uses of low power mode state changing instructions
remark #10372-D: (ULP 4.1) Detected uninitialized Port 1 in this project. Recommend initializing all unused ports to eliminate wasted current consumption on unused pins.
remark #10372-D: (ULP 4.1) Detected uninitialized Port 2 in this project. Recommend initializing all unused ports to eliminate wasted current consumption on unused pins.
remark #10372-D: (ULP 4.1) Detected uninitialized Port 3 in this project. Recommend initializing all unused ports to eliminate wasted current consumption on unused pins.
remark #10372-D: (ULP 4.1) Detected uninitialized Port 4 in this project. Recommend initializing all unused ports to eliminate wasted current consumption on unused pins.
remark #10372-D: (ULP 4.1) Detected uninitialized Port 5 in this project. Recommend initializing all unused ports to eliminate wasted current consumption on unused pins.
remark #10372-D: (ULP 4.1) Detected uninitialized Port 6 in this project. Recommend initializing all unused ports to eliminate wasted current consumption on unused pins.
remark #10372-D: (ULP 4.1) Detected uninitialized Port 7 in this project. Recommend initializing all unused ports to eliminate wasted current consumption on unused pins.
remark #10372-D: (ULP 4.1) Detected uninitialized Port 8 in this project. Recommend initializing all unused ports to eliminate wasted current consumption on unused pins.
remark #10372-D: (ULP 4.1) Detected uninitialized Port 9 in this project. Recommend initializing all unused ports to eliminate wasted current consumption on unused pins.
remark #10372-D: (ULP 4.1) Detected uninitialized Port 10 in this project. Recommend initializing all unused ports to eliminate wasted current consumption on unused pins.
'Finished building target: Encoder_Ralph.out'
' '

**** Build Finished ****
